Threes! Demo: ./threes --total=100000 --block=10000 --limit=1000 --slide=load=weights.bin save=weights.bin alpha=0.025 

init_weights
load weights from weights.bin
10000	avg = 4055, max = 25836, ops = 852496 (441857|10915474)
	24	100%	(1.2%)
	48	98.8%	(6%)
	96	92.8%	(22.6%)
	192	70.2%	(45.3%)
	384	24.9%	(23.6%)
	768	1.3%	(1.3%)

20000	avg = 7883, max = 60414, ops = 839004 (437152|11644846)
	12	100%	(0.1%)
	24	99.9%	(0.7%)
	48	99.2%	(2.6%)
	96	96.6%	(8.5%)
	192	88.1%	(34.2%)
	384	53.9%	(42.1%)
	768	11.8%	(11.7%)
	1536	0.1%	(0.1%)

30000	avg = 11609, max = 67005, ops = 840514 (438937|11432364)
	24	100%	(0.5%)
	48	99.5%	(3.2%)
	96	96.3%	(5.9%)
	192	90.4%	(20.6%)
	384	69.8%	(42.9%)
	768	26.9%	(26.1%)
	1536	0.8%	(0.8%)

40000	avg = 15675, max = 82425, ops = 717563 (378099|8288796)
	24	100%	(0.2%)
	48	99.8%	(2.6%)
	96	97.2%	(4.7%)
	192	92.5%	(17.2%)
	384	75.3%	(34.5%)
	768	40.8%	(37.2%)
	1536	3.6%	(3.6%)

50000	avg = 19116, max = 86388, ops = 781439 (409388|9809442)
	24	100%	(0.3%)
	48	99.7%	(1.7%)
	96	98%	(3.8%)
	192	94.2%	(11.1%)
	384	83.1%	(33.7%)
	768	49.4%	(42.9%)
	1536	6.5%	(6.5%)

60000	avg = 22431, max = 101511, ops = 794037 (414910|11166820)
	12	100%	(0.1%)
	24	99.9%	(0.2%)
	48	99.7%	(1.7%)
	96	98%	(3.7%)
	192	94.3%	(9.2%)
	384	85.1%	(28.4%)
	768	56.7%	(46.4%)
	1536	10.3%	(10.3%)

70000	avg = 25392, max = 93051, ops = 787977 (413857|9727270)
	24	100%	(0.1%)
	48	99.9%	(1.5%)
	96	98.4%	(2.7%)
	192	95.7%	(6.5%)
	384	89.2%	(25.2%)
	768	64%	(51.1%)
	1536	12.9%	(12.9%)

80000	avg = 29432, max = 204252, ops = 798901 (417436|11079867)
	48	100%	(1.6%)
	96	98.4%	(1.9%)
	192	96.5%	(5.4%)
	384	91.1%	(22.3%)
	768	68.8%	(50.1%)
	1536	18.7%	(18.5%)
	3072	0.2%	(0.2%)

90000	avg = 34236, max = 181134, ops = 798605 (423610|8805193)
	24	100%	(0.3%)
	48	99.7%	(1.2%)
	96	98.5%	(1.9%)
	192	96.6%	(4.9%)
	384	91.7%	(15.4%)
	768	76.3%	(50.8%)
	1536	25.5%	(25.2%)
	3072	0.3%	(0.3%)

100000	avg = 36979, max = 204330, ops = 733867 (384411|9966421)
	24	100%	(0.1%)
	48	99.9%	(1%)
	96	98.9%	(2.7%)
	192	96.2%	(5.7%)
	384	90.5%	(14.4%)
	768	76.1%	(45.8%)
	1536	30.3%	(29.5%)
	3072	0.8%	(0.8%)

save weights to weights.bin
Threes! Demo: ./threes --total=100000 --block=10000 --limit=1000 --slide=load=weights.bin save=weights.bin alpha=0.025 

init_weights
load weights from weights.bin
10000	avg = 40566, max = 204372, ops = 756438 (396892|11078125)
	24	100%	(0.1%)
	48	99.9%	(0.9%)
	96	99%	(1.6%)
	192	97.4%	(5%)
	384	92.4%	(13.4%)
	768	79%	(41.8%)
	1536	37.2%	(36.4%)
	3072	0.8%	(0.8%)

20000	avg = 47447, max = 210837, ops = 755344 (394567|11037062)
	48	100%	(0.9%)
	96	99.1%	(2.4%)
	192	96.7%	(4.1%)
	384	92.6%	(9.2%)
	768	83.4%	(38.1%)
	1536	45.3%	(43.4%)
	3072	1.9%	(1.9%)

30000	avg = 53076, max = 212541, ops = 757674 (395300|11057881)
	48	100%	(1%)
	96	99%	(1.7%)
	192	97.3%	(3.9%)
	384	93.4%	(10.1%)
	768	83.3%	(31.5%)
	1536	51.8%	(47.6%)
	3072	4.2%	(4.2%)

40000	avg = 56814, max = 243183, ops = 752041 (393712|12299051)
	24	100%	(0.2%)
	48	99.8%	(0.9%)
	96	98.9%	(1.6%)
	192	97.3%	(3.5%)
	384	93.8%	(8.3%)
	768	85.5%	(29.9%)
	1536	55.6%	(50.8%)
	3072	4.8%	(4.8%)

50000	avg = 59908, max = 244008, ops = 604583 (314686|9614865)
	24	100%	(0.1%)
	48	99.9%	(1%)
	96	98.9%	(2%)
	192	96.9%	(3.3%)
	384	93.6%	(8.9%)
	768	84.7%	(25%)
	1536	59.7%	(53.9%)
	3072	5.8%	(5.8%)

60000	avg = 65360, max = 262599, ops = 627687 (327417|10949667)
	24	100%	(0.2%)
	48	99.8%	(0.9%)
	96	98.9%	(1%)
	192	97.9%	(3.5%)
	384	94.4%	(6.8%)
	768	87.6%	(24.9%)
	1536	62.7%	(54.4%)
	3072	8.3%	(8.3%)

70000	avg = 69207, max = 258702, ops = 677347 (355625|9369828)
	24	100%	(0.2%)
	48	99.8%	(0.7%)
	96	99.1%	(1.1%)
	192	98%	(3.3%)
	384	94.7%	(7.5%)
	768	87.2%	(20.1%)
	1536	67.1%	(57.5%)
	3072	9.6%	(9.6%)

80000	avg = 69643, max = 263442, ops = 699831 (363891|11283371)
	24	100%	(0.2%)
	48	99.8%	(1%)
	96	98.8%	(1.6%)
	192	97.2%	(3.3%)
	384	93.9%	(7.4%)
	768	86.5%	(19.6%)
	1536	66.9%	(57.1%)
	3072	9.8%	(9.8%)

90000	avg = 78522, max = 259431, ops = 707446 (367259|11992742)
	48	100%	(0.8%)
	96	99.2%	(2%)
	192	97.2%	(2.6%)
	384	94.6%	(7.7%)
	768	86.9%	(17.2%)
	1536	69.7%	(54.1%)
	3072	15.6%	(15.6%)

100000	avg = 83433, max = 263277, ops = 711769 (371569|10861486)
	24	100%	(0.2%)
	48	99.8%	(0.7%)
	96	99.1%	(1.2%)
	192	97.9%	(3.8%)
	384	94.1%	(7.4%)
	768	86.7%	(18.3%)
	1536	68.4%	(47.8%)
	3072	20.6%	(20.6%)

save weights to weights.bin
Threes! Demo: ./threes --total=100000 --block=10000 --limit=1000 --slide=load=weights.bin save=weights.bin alpha=0.025 

init_weights
load weights from weights.bin
10000	avg = 119457, max = 263565, ops = 610162 (320003|9625612)
	24	100%	(0.1%)
	48	99.9%	(0.3%)
	96	99.6%	(0.8%)
	192	98.8%	(2.2%)
	384	96.6%	(5.4%)
	768	91.2%	(15.5%)
	1536	75.7%	(33.3%)
	3072	42.4%	(42.4%)

20000	avg = 126732, max = 263277, ops = 696501 (364366|10316450)
	24	100%	(0.1%)
	48	99.9%	(0.7%)
	96	99.2%	(1.4%)
	192	97.8%	(3.1%)
	384	94.7%	(3.8%)
	768	90.9%	(11.8%)
	1536	79.1%	(33.7%)
	3072	45.4%	(45.4%)

30000	avg = 122339, max = 258933, ops = 694653 (362685|10864051)
	24	100%	(0.1%)
	48	99.9%	(0.8%)
	96	99.1%	(1.4%)
	192	97.7%	(2.7%)
	384	95%	(5%)
	768	90%	(13.8%)
	1536	76.2%	(31.6%)
	3072	44.6%	(44.6%)

40000	avg = 120174, max = 275715, ops = 694399 (364099|9657533)
	24	100%	(0.1%)
	48	99.9%	(1.3%)
	96	98.6%	(0.6%)
	192	98%	(2.2%)
	384	95.8%	(6.2%)
	768	89.6%	(14%)
	1536	75.6%	(32.1%)
	3072	43.5%	(43.5%)

50000	avg = 127450, max = 264738, ops = 691293 (361579|10594238)
	48	100%	(0.6%)
	96	99.4%	(1.3%)
	192	98.1%	(2.6%)
	384	95.5%	(4.9%)
	768	90.6%	(13.1%)
	1536	77.5%	(29.4%)
	3072	48.1%	(48.1%)

60000	avg = 117898, max = 259086, ops = 639352 (332848|9838354)
	24	100%	(0.1%)
	48	99.9%	(0.3%)
	96	99.6%	(1.4%)
	192	98.2%	(3.9%)
	384	94.3%	(6%)
	768	88.3%	(13.2%)
	1536	75.1%	(33.1%)
	3072	42%	(42%)

70000	avg = 125016, max = 260403, ops = 634116 (331287|9779786)
	24	100%	(0.1%)
	48	99.9%	(0.7%)
	96	99.2%	(0.7%)
	192	98.5%	(2.4%)
	384	96.1%	(5.4%)
	768	90.7%	(12.8%)
	1536	77.9%	(31.8%)
	3072	46.1%	(46.1%)

80000	avg = 124960, max = 261294, ops = 641133 (337935|8071411)
	48	100%	(0.9%)
	96	99.1%	(1.2%)
	192	97.9%	(2.7%)
	384	95.2%	(3.9%)
	768	91.3%	(14.3%)
	1536	77%	(29.9%)
	3072	47.1%	(47.1%)

90000	avg = 124031, max = 263394, ops = 653742 (340083|10418486)
	48	100%	(0.6%)
	96	99.4%	(0.6%)
	192	98.8%	(2.3%)
	384	96.5%	(5.5%)
	768	91%	(14.1%)
	1536	76.9%	(31.8%)
	3072	45.1%	(45.1%)

100000	avg = 123462, max = 260727, ops = 671757 (352544|10095544)
	48	100%	(0.3%)
	96	99.7%	(1.1%)
	192	98.6%	(2.9%)
	384	95.7%	(7%)
	768	88.7%	(13%)
	1536	75.7%	(29.9%)
	3072	45.8%	(45.8%)

save weights to weights.bin
Threes! Demo: ./threes --total=100000 --block=10000 --limit=1000 --slide=load=weights.bin save=weights.bin alpha=0.025 

init_weights
load weights from weights.bin
10000	avg = 127067, max = 263313, ops = 658272 (343194|10663711)
	48	100%	(0.7%)
	96	99.3%	(1.3%)
	192	98%	(2.6%)
	384	95.4%	(5%)
	768	90.4%	(12.5%)
	1536	77.9%	(30.1%)
	3072	47.8%	(47.8%)

20000	avg = 120826, max = 258867, ops = 694556 (365086|10011500)
	48	100%	(0.7%)
	96	99.3%	(0.8%)
	192	98.5%	(2.6%)
	384	95.9%	(4.5%)
	768	91.4%	(15.3%)
	1536	76.1%	(31.6%)
	3072	44.5%	(44.5%)

30000	avg = 124031, max = 258939, ops = 701938 (366792|10575922)
	48	100%	(0.5%)
	96	99.5%	(0.9%)
	192	98.6%	(3.3%)
	384	95.3%	(5.6%)
	768	89.7%	(12.7%)
	1536	77%	(31.4%)
	3072	45.6%	(45.6%)

40000	avg = 122027, max = 258621, ops = 716774 (377422|9355860)
	48	100%	(0.8%)
	96	99.2%	(0.7%)
	192	98.5%	(2%)
	384	96.5%	(5.6%)
	768	90.9%	(15.2%)
	1536	75.7%	(30.7%)
	3072	45%	(45%)

50000	avg = 122468, max = 259242, ops = 699807 (365310|10486830)
	24	100%	(0.1%)
	48	99.9%	(1%)
	96	98.9%	(1.2%)
	192	97.7%	(2.4%)
	384	95.3%	(5.8%)
	768	89.5%	(12.5%)
	1536	77%	(32.3%)
	3072	44.7%	(44.7%)

60000	avg = 119962, max = 259182, ops = 714885 (374322|9951463)
	48	100%	(0.9%)
	96	99.1%	(1.3%)
	192	97.8%	(2.1%)
	384	95.7%	(4.9%)
	768	90.8%	(13%)
	1536	77.8%	(34.9%)
	3072	42.9%	(42.9%)

70000	avg = 128585, max = 258927, ops = 700051 (364177|11996937)
	48	100%	(0.7%)
	96	99.3%	(0.9%)
	192	98.4%	(2.7%)
	384	95.7%	(4.7%)
	768	91%	(13.9%)
	1536	77.1%	(27.8%)
	3072	49.3%	(49.3%)

80000	avg = 121731, max = 258219, ops = 693071 (361376|10962381)
	24	100%	(0.1%)
	48	99.9%	(0.9%)
	96	99%	(1.5%)
	192	97.5%	(2.2%)
	384	95.3%	(4.5%)
	768	90.8%	(13.5%)
	1536	77.3%	(32.3%)
	3072	45%	(45%)

90000	avg = 120877, max = 258300, ops = 637400 (331982|9984733)
	48	100%	(0.6%)
	96	99.4%	(0.8%)
	192	98.6%	(3.1%)
	384	95.5%	(5%)
	768	90.5%	(12.6%)
	1536	77.9%	(33.1%)
	3072	44.8%	(44.8%)

100000	avg = 123879, max = 263541, ops = 688046 (358777|9552916)
	24	100%	(0.3%)
	48	99.7%	(0.7%)
	96	99%	(1%)
	192	98%	(1.8%)
	384	96.2%	(5.4%)
	768	90.8%	(15.3%)
	1536	75.5%	(28.9%)
	3072	46.6%	(46.6%)

save weights to weights.bin
Threes! Demo: ./threes --total=100000 --block=10000 --limit=1000 --slide=load=weights.bin save=weights.bin alpha=0.025 

init_weights
load weights from weights.bin
10000	avg = 120709, max = 256818, ops = 677498 (353022|10536029)
	48	100%	(0.8%)
	96	99.2%	(0.8%)
	192	98.4%	(2.8%)
	384	95.6%	(4.8%)
	768	90.8%	(13%)
	1536	77.8%	(33.5%)
	3072	44.3%	(44.3%)

20000	avg = 127359, max = 256788, ops = 707835 (370646|10060027)
	24	100%	(0.1%)
	48	99.9%	(0.7%)
	96	99.2%	(1.1%)
	192	98.1%	(2.6%)
	384	95.5%	(3.8%)
	768	91.7%	(13.1%)
	1536	78.6%	(30.1%)
	3072	48.5%	(48.5%)

30000	avg = 118829, max = 258405, ops = 701966 (368023|9699041)
	24	100%	(0.1%)
	48	99.9%	(0.4%)
	96	99.5%	(0.9%)
	192	98.6%	(1.7%)
	384	96.9%	(6.7%)
	768	90.2%	(14.5%)
	1536	75.7%	(31.8%)
	3072	43.9%	(43.9%)

40000	avg = 126879, max = 258276, ops = 703760 (369423|9191341)
	48	100%	(0.5%)
	96	99.5%	(1.4%)
	192	98.1%	(3%)
	384	95.1%	(4.6%)
	768	90.5%	(12.8%)
	1536	77.7%	(29.5%)
	3072	48.2%	(48.2%)

50000	avg = 122044, max = 256401, ops = 710271 (371934|10702467)
	24	100%	(0.1%)
	48	99.9%	(0.7%)
	96	99.2%	(1.3%)
	192	97.9%	(1.6%)
	384	96.3%	(5.2%)
	768	91.1%	(13.2%)
	1536	77.9%	(32.8%)
	3072	45.1%	(45.1%)

60000	avg = 125748, max = 258195, ops = 684902 (356904|11249752)
	24	100%	(0.1%)
	48	99.9%	(0.7%)
	96	99.2%	(0.7%)
	192	98.5%	(2%)
	384	96.5%	(4.9%)
	768	91.6%	(13.5%)
	1536	78.1%	(30.5%)
	3072	47.6%	(47.6%)

70000	avg = 127675, max = 258591, ops = 699825 (365736|10759457)
	12	100%	(0.1%)
	24	99.9%	(0.3%)
	48	99.6%	(0.7%)
	96	98.9%	(0.9%)
	192	98%	(2.4%)
	384	95.6%	(4.7%)
	768	90.9%	(12%)
	1536	78.9%	(30.4%)
	3072	48.5%	(48.5%)

80000	avg = 123919, max = 259002, ops = 625328 (326048|9510981)
	48	100%	(0.9%)
	96	99.1%	(1%)
	192	98.1%	(3.1%)
	384	95%	(4.1%)
	768	90.9%	(12.1%)
	1536	78.8%	(32.8%)
	3072	46%	(46%)

90000	avg = 128021, max = 258522, ops = 699622 (366240|10116034)
	12	100%	(0.1%)
	24	99.9%	(0.2%)
	48	99.7%	(0.7%)
	96	99%	(2%)
	192	97%	(2.9%)
	384	94.1%	(3.9%)
	768	90.2%	(13.1%)
	1536	77.1%	(27.6%)
	3072	49.5%	(49.5%)

100000	avg = 117235, max = 276441, ops = 631013 (327907|11286850)
	48	100%	(0.8%)
	96	99.2%	(0.9%)
	192	98.3%	(3.1%)
	384	95.2%	(4.7%)
	768	90.5%	(15.9%)
	1536	74.6%	(32.2%)
	3072	42.4%	(42.4%)

save weights to weights.bin
Threes! Demo: ./threes --total=100000 --block=10000 --limit=1000 --slide=load=weights.bin save=weights.bin alpha=0.01 

init_weights
load weights from weights.bin
10000	avg = 168996, max = 541308, ops = 689943 (360607|11208609)
	48	100%	(0.2%)
	96	99.8%	(0.4%)
	192	99.4%	(1.8%)
	384	97.6%	(3%)
	768	94.6%	(5.4%)
	1536	89.2%	(21.4%)
	3072	67.8%	(67.6%)
	6144	0.2%	(0.2%)

20000	avg = 172079, max = 540129, ops = 704478 (371710|9572832)
	48	100%	(0.4%)
	96	99.6%	(0.7%)
	192	98.9%	(0.9%)
	384	98%	(2.4%)
	768	95.6%	(6.7%)
	1536	88.9%	(20.7%)
	3072	68.2%	(68.1%)
	6144	0.1%	(0.1%)

30000	avg = 171756, max = 546396, ops = 672382 (350472|10684934)
	12	100%	(0.1%)
	24	99.9%	(0.2%)
	48	99.7%	(0.3%)
	96	99.4%	(0.6%)
	192	98.8%	(1.8%)
	384	97%	(1.8%)
	768	95.2%	(7.7%)
	1536	87.5%	(20.8%)
	3072	66.7%	(66.5%)
	6144	0.2%	(0.2%)

40000	avg = 169284, max = 558783, ops = 656580 (345009|9753223)
	24	100%	(0.2%)
	48	99.8%	(0.3%)
	96	99.5%	(0.5%)
	192	99%	(1.8%)
	384	97.2%	(2%)
	768	95.2%	(8%)
	1536	87.2%	(21.3%)
	3072	65.9%	(65.7%)
	6144	0.2%	(0.2%)

50000	avg = 176301, max = 599892, ops = 690405 (361084|10932110)
	24	100%	(0.1%)
	48	99.9%	(0.4%)
	96	99.5%	(0.5%)
	192	99%	(1.4%)
	384	97.6%	(2.4%)
	768	95.2%	(7.1%)
	1536	88.1%	(18.5%)
	3072	69.6%	(69.3%)
	6144	0.3%	(0.3%)

60000	avg = 174005, max = 535290, ops = 685490 (360003|10282578)
	48	100%	(0.4%)
	96	99.6%	(0.2%)
	192	99.4%	(1.1%)
	384	98.3%	(2.4%)
	768	95.9%	(6.9%)
	1536	89%	(22.1%)
	3072	66.9%	(66.6%)
	6144	0.3%	(0.3%)

70000	avg = 174027, max = 541458, ops = 631124 (329379|9659078)
	24	100%	(0.1%)
	48	99.9%	(0.6%)
	96	99.3%	(0.5%)
	192	98.8%	(1%)
	384	97.8%	(2.4%)
	768	95.4%	(6.7%)
	1536	88.7%	(21.3%)
	3072	67.4%	(67.2%)
	6144	0.2%	(0.2%)

80000	avg = 172583, max = 532473, ops = 664470 (347146|10719645)
	24	100%	(0.1%)
	48	99.9%	(0.6%)
	96	99.3%	(1%)
	192	98.3%	(1.9%)
	384	96.4%	(1.6%)
	768	94.8%	(7%)
	1536	87.8%	(21.3%)
	3072	66.5%	(66.4%)
	6144	0.1%	(0.1%)

90000	avg = 174739, max = 543249, ops = 612178 (319520|9470654)
	24	100%	(0.1%)
	48	99.9%	(0.8%)
	96	99.1%	(0.7%)
	192	98.4%	(1.7%)
	384	96.7%	(2.7%)
	768	94%	(5.9%)
	1536	88.1%	(20.6%)
	3072	67.5%	(67.2%)
	6144	0.3%	(0.3%)

100000	avg = 171847, max = 269052, ops = 652532 (341934|9475565)
	48	100%	(0.3%)
	96	99.7%	(0.6%)
	192	99.1%	(1.2%)
	384	97.9%	(2.6%)
	768	95.3%	(6.7%)
	1536	88.6%	(22.6%)
	3072	66%	(66%)

save weights to weights.bin
Threes! Demo: ./threes --total=100000 --block=10000 --limit=1000 --slide=load=weights.bin save=weights.bin alpha=0.01 

init_weights
load weights from weights.bin
10000	avg = 173946, max = 554358, ops = 712119 (374795|9683470)
	48	100%	(0.6%)
	96	99.4%	(0.8%)
	192	98.6%	(1.2%)
	384	97.4%	(2.9%)
	768	94.5%	(8.3%)
	1536	86.2%	(17.7%)
	3072	68.5%	(68.2%)
	6144	0.3%	(0.3%)

20000	avg = 176878, max = 536694, ops = 684339 (359851|9278794)
	48	100%	(0.2%)
	96	99.8%	(0.8%)
	192	99%	(0.8%)
	384	98.2%	(3%)
	768	95.2%	(7.6%)
	1536	87.6%	(18.3%)
	3072	69.3%	(68.9%)
	6144	0.4%	(0.4%)

30000	avg = 175845, max = 554496, ops = 699015 (366517|10274938)
	48	100%	(0.4%)
	96	99.6%	(0.3%)
	192	99.3%	(1.6%)
	384	97.7%	(2.1%)
	768	95.6%	(7.1%)
	1536	88.5%	(20%)
	3072	68.5%	(68.2%)
	6144	0.3%	(0.3%)

40000	avg = 175385, max = 574149, ops = 674788 (353830|10179804)
	24	100%	(0.1%)
	48	99.9%	(1%)
	96	98.9%	(0.5%)
	192	98.4%	(1.2%)
	384	97.2%	(2%)
	768	95.2%	(6.7%)
	1536	88.5%	(19.9%)
	3072	68.6%	(68.4%)
	6144	0.2%	(0.2%)

50000	avg = 170899, max = 265992, ops = 681184 (355713|9980590)
	24	100%	(0.3%)
	48	99.7%	(0.4%)
	96	99.3%	(0.1%)
	192	99.2%	(1.2%)
	384	98%	(2.3%)
	768	95.7%	(8.5%)
	1536	87.2%	(21.5%)
	3072	65.7%	(65.7%)

60000	avg = 172001, max = 560190, ops = 699195 (367222|9936546)
	48	100%	(0.2%)
	96	99.8%	(0.2%)
	192	99.6%	(1%)
	384	98.6%	(3.2%)
	768	95.4%	(7%)
	1536	88.4%	(22.2%)
	3072	66.2%	(65.9%)
	6144	0.3%	(0.3%)

70000	avg = 172647, max = 278517, ops = 702106 (366881|10225922)
	24	100%	(0.1%)
	48	99.9%	(0.5%)
	96	99.4%	(0.4%)
	192	99%	(0.8%)
	384	98.2%	(3.1%)
	768	95.1%	(6.9%)
	1536	88.2%	(21.1%)
	3072	67.1%	(67.1%)

80000	avg = 175768, max = 561048, ops = 640532 (334773|10298901)
	24	100%	(0.2%)
	48	99.8%	(0.3%)
	96	99.5%	(1.1%)
	192	98.4%	(1.9%)
	384	96.5%	(1.8%)
	768	94.7%	(6.8%)
	1536	87.9%	(20.2%)
	3072	67.7%	(66.9%)
	6144	0.8%	(0.8%)

90000	avg = 173347, max = 539379, ops = 700573 (365931|11415743)
	24	100%	(0.2%)
	48	99.8%	(0.4%)
	96	99.4%	(0.4%)
	192	99%	(1.4%)
	384	97.6%	(3.4%)
	768	94.2%	(6.5%)
	1536	87.7%	(20%)
	3072	67.7%	(67.5%)
	6144	0.2%	(0.2%)

100000	avg = 170491, max = 541803, ops = 708961 (371160|11000364)
	48	100%	(0.7%)
	96	99.3%	(0.5%)
	192	98.8%	(1.7%)
	384	97.1%	(2.5%)
	768	94.6%	(7.4%)
	1536	87.2%	(21.2%)
	3072	66%	(65.9%)
	6144	0.1%	(0.1%)

save weights to weights.bin
Threes! Demo: ./threes --total=100000 --block=10000 --limit=1000 --slide=load=weights.bin save=weights.bin alpha=0.01 

init_weights
load weights from weights.bin
10000	avg = 174404, max = 265407, ops = 718550 (375114|11272816)
	24	100%	(0.1%)
	48	99.9%	(0.3%)
	96	99.6%	(0.1%)
	192	99.5%	(1.5%)
	384	98%	(2.6%)
	768	95.4%	(7.4%)
	1536	88%	(18.2%)
	3072	69.8%	(69.8%)

20000	avg = 172296, max = 542637, ops = 706298 (371461|9488063)
	24	100%	(0.2%)
	48	99.8%	(0.6%)
	96	99.2%	(0.7%)
	192	98.5%	(1.6%)
	384	96.9%	(1.9%)
	768	95%	(8.5%)
	1536	86.5%	(19.1%)
	3072	67.4%	(67.3%)
	6144	0.1%	(0.1%)

30000	avg = 173079, max = 547659, ops = 720746 (379767|8991945)
	48	100%	(0.2%)
	96	99.8%	(0.7%)
	192	99.1%	(1%)
	384	98.1%	(2.7%)
	768	95.4%	(7.5%)
	1536	87.9%	(20.7%)
	3072	67.2%	(67.1%)
	6144	0.1%	(0.1%)

40000	avg = 165257, max = 553857, ops = 717487 (375990|10063123)
	48	100%	(0.4%)
	96	99.6%	(0.9%)
	192	98.7%	(1.7%)
	384	97%	(2.3%)
	768	94.7%	(8.2%)
	1536	86.5%	(23.3%)
	3072	63.2%	(62.9%)
	6144	0.3%	(0.3%)

50000	avg = 176082, max = 562212, ops = 711934 (373156|10867110)
	48	100%	(0.5%)
	96	99.5%	(0.7%)
	192	98.8%	(1.3%)
	384	97.5%	(2.5%)
	768	95%	(7.3%)
	1536	87.7%	(18%)
	3072	69.7%	(69.3%)
	6144	0.4%	(0.4%)

60000	avg = 171807, max = 266397, ops = 718476 (377064|10690856)
	24	100%	(0.1%)
	48	99.9%	(0.8%)
	96	99.1%	(0.3%)
	192	98.8%	(1.1%)
	384	97.7%	(1.9%)
	768	95.8%	(6.2%)
	1536	89.6%	(21.3%)
	3072	68.3%	(68.3%)

70000	avg = 172841, max = 554733, ops = 712249 (374203|9800829)
	48	100%	(0.1%)
	96	99.9%	(0.4%)
	192	99.5%	(1.8%)
	384	97.7%	(2.9%)
	768	94.8%	(7.2%)
	1536	87.6%	(20.7%)
	3072	66.9%	(66.7%)
	6144	0.2%	(0.2%)

80000	avg = 176245, max = 558807, ops = 701227 (368024|10072689)
	48	100%	(0.7%)
	96	99.3%	(0.6%)
	192	98.7%	(1.2%)
	384	97.5%	(3.4%)
	768	94.1%	(5.9%)
	1536	88.2%	(18.9%)
	3072	69.3%	(68.9%)
	6144	0.4%	(0.4%)

90000	avg = 166389, max = 541077, ops = 719263 (375977|11122153)
	48	100%	(0.6%)
	96	99.4%	(0.5%)
	192	98.9%	(1.8%)
	384	97.1%	(2.9%)
	768	94.2%	(7.8%)
	1536	86.4%	(20.9%)
	3072	65.5%	(65.4%)
	6144	0.1%	(0.1%)

100000	avg = 176187, max = 556440, ops = 647781 (337706|10826257)
	48	100%	(0.1%)
	96	99.9%	(0.1%)
	192	99.8%	(1.2%)
	384	98.6%	(2.4%)
	768	96.2%	(7%)
	1536	89.2%	(19.2%)
	3072	70%	(69.9%)
	6144	0.1%	(0.1%)

save weights to weights.bin
Threes! Demo: ./threes --total=100000 --block=10000 --limit=1000 --slide=load=weights.bin save=weights.bin alpha=0.01 

init_weights
load weights from weights.bin
10000	avg = 167886, max = 541158, ops = 709494 (369481|12087809)
	48	100%	(0.6%)
	96	99.4%	(0.6%)
	192	98.8%	(2%)
	384	96.8%	(2.1%)
	768	94.7%	(8.2%)
	1536	86.5%	(19.8%)
	3072	66.7%	(66.6%)
	6144	0.1%	(0.1%)

20000	avg = 169703, max = 552336, ops = 711069 (373342|9524165)
	24	100%	(0.1%)
	48	99.9%	(0.7%)
	96	99.2%	(1.3%)
	192	97.9%	(1.5%)
	384	96.4%	(2.6%)
	768	93.8%	(6.9%)
	1536	86.9%	(19.2%)
	3072	67.7%	(67.5%)
	6144	0.2%	(0.2%)

30000	avg = 168905, max = 265725, ops = 711532 (371498|10281919)
	24	100%	(0.1%)
	48	99.9%	(0.6%)
	96	99.3%	(0.6%)
	192	98.7%	(1.5%)
	384	97.2%	(2.5%)
	768	94.7%	(8.5%)
	1536	86.2%	(18.4%)
	3072	67.8%	(67.8%)

40000	avg = 169035, max = 597489, ops = 705133 (368201|10637587)
	48	100%	(0.6%)
	96	99.4%	(0.5%)
	192	98.9%	(1.7%)
	384	97.2%	(3.1%)
	768	94.1%	(7.4%)
	1536	86.7%	(19.4%)
	3072	67.3%	(67.1%)
	6144	0.2%	(0.2%)

50000	avg = 172123, max = 547368, ops = 713490 (372636|10466346)
	24	100%	(0.2%)
	48	99.8%	(0.5%)
	96	99.3%	(0.4%)
	192	98.9%	(1%)
	384	97.9%	(2.6%)
	768	95.3%	(6.9%)
	1536	88.4%	(20.3%)
	3072	68.1%	(67.9%)
	6144	0.2%	(0.2%)

60000	avg = 173104, max = 540105, ops = 707495 (369585|10559978)
	24	100%	(0.2%)
	48	99.8%	(0.7%)
	96	99.1%	(0.5%)
	192	98.6%	(0.8%)
	384	97.8%	(3%)
	768	94.8%	(6.6%)
	1536	88.2%	(19.6%)
	3072	68.6%	(68.3%)
	6144	0.3%	(0.3%)

70000	avg = 173237, max = 538134, ops = 721781 (377463|10513562)
	48	100%	(0.1%)
	96	99.9%	(0.9%)
	192	99%	(1.3%)
	384	97.7%	(1.5%)
	768	96.2%	(8%)
	1536	88.2%	(19.1%)
	3072	69.1%	(69%)
	6144	0.1%	(0.1%)

80000	avg = 168192, max = 265722, ops = 708216 (369530|10694281)
	24	100%	(0.1%)
	48	99.9%	(0.3%)
	96	99.6%	(0.3%)
	192	99.3%	(1.8%)
	384	97.5%	(2.6%)
	768	94.9%	(8.3%)
	1536	86.6%	(20.3%)
	3072	66.3%	(66.3%)

90000	avg = 172670, max = 560739, ops = 713589 (374557|9899887)
	24	100%	(0.1%)
	48	99.9%	(0.4%)
	96	99.5%	(0.7%)
	192	98.8%	(1.7%)
	384	97.1%	(3.1%)
	768	94%	(7.6%)
	1536	86.4%	(17.7%)
	3072	68.7%	(68.4%)
	6144	0.3%	(0.3%)

100000	avg = 170285, max = 540639, ops = 709540 (370808|10023995)
	24	100%	(0.2%)
	48	99.8%	(0.8%)
	96	99%	(0.3%)
	192	98.7%	(1.4%)
	384	97.3%	(2.5%)
	768	94.8%	(7.1%)
	1536	87.7%	(20.1%)
	3072	67.6%	(67.4%)
	6144	0.2%	(0.2%)

save weights to weights.bin
Threes! Demo: ./threes --total=100000 --block=10000 --limit=1000 --slide=load=weights.bin save=weights.bin alpha=0.005 

init_weights
load weights from weights.bin
10000	avg = 177044, max = 559545, ops = 695177 (363049|11150067)
	12	100%	(0.1%)
	48	99.9%	(0.2%)
	96	99.7%	(0.6%)
	192	99.1%	(1.4%)
	384	97.7%	(2.2%)
	768	95.5%	(7.1%)
	1536	88.4%	(18.6%)
	3072	69.8%	(69.6%)
	6144	0.2%	(0.2%)

20000	avg = 183428, max = 553722, ops = 630767 (330491|9647251)
	48	100%	(0.3%)
	96	99.7%	(0.9%)
	192	98.8%	(0.8%)
	384	98%	(1.9%)
	768	96.1%	(6.7%)
	1536	89.4%	(16.1%)
	3072	73.3%	(72.9%)
	6144	0.4%	(0.4%)

30000	avg = 182357, max = 561048, ops = 502800 (262092|8358173)
	24	100%	(0.1%)
	48	99.9%	(0.5%)
	96	99.4%	(0.3%)
	192	99.1%	(1.7%)
	384	97.4%	(1.7%)
	768	95.7%	(6.7%)
	1536	89%	(17.5%)
	3072	71.5%	(70.8%)
	6144	0.7%	(0.7%)

40000	avg = 181875, max = 542799, ops = 635019 (330901|10540932)
	24	100%	(0.2%)
	48	99.8%	(0.3%)
	96	99.5%	(0.8%)
	192	98.7%	(0.6%)
	384	98.1%	(1.3%)
	768	96.8%	(6.1%)
	1536	90.7%	(19.2%)
	3072	71.5%	(70.9%)
	6144	0.6%	(0.6%)

50000	avg = 184750, max = 554055, ops = 617722 (322514|9879947)
	48	100%	(0.2%)
	96	99.8%	(0.4%)
	192	99.4%	(1.8%)
	384	97.6%	(1.7%)
	768	95.9%	(6.2%)
	1536	89.7%	(17.3%)
	3072	72.4%	(71.8%)
	6144	0.6%	(0.6%)

60000	avg = 183261, max = 545055, ops = 626752 (327308|10528400)
	48	100%	(0.4%)
	96	99.6%	(0.5%)
	192	99.1%	(1.3%)
	384	97.8%	(1.6%)
	768	96.2%	(5.5%)
	1536	90.7%	(18.6%)
	3072	72.1%	(72%)
	6144	0.1%	(0.1%)

70000	avg = 183459, max = 535626, ops = 634181 (330757|10043044)
	48	100%	(0.5%)
	96	99.5%	(0.5%)
	192	99%	(0.8%)
	384	98.2%	(1.8%)
	768	96.4%	(5%)
	1536	91.4%	(18.6%)
	3072	72.8%	(72.7%)
	6144	0.1%	(0.1%)

80000	avg = 178928, max = 560955, ops = 648411 (338558|10801973)
	24	100%	(0.1%)
	48	99.9%	(1%)
	96	98.9%	(0.2%)
	192	98.7%	(1%)
	384	97.7%	(2.2%)
	768	95.5%	(6.6%)
	1536	88.9%	(17.8%)
	3072	71.1%	(70.9%)
	6144	0.2%	(0.2%)

90000	avg = 185338, max = 591648, ops = 613145 (319368|9600706)
	24	100%	(0.1%)
	48	99.9%	(0.4%)
	96	99.5%	(0.2%)
	192	99.3%	(1.7%)
	384	97.6%	(1.7%)
	768	95.9%	(5.4%)
	1536	90.5%	(16.8%)
	3072	73.7%	(73.3%)
	6144	0.4%	(0.4%)

100000	avg = 188960, max = 543555, ops = 631963 (329593|10174670)
	24	100%	(0.1%)
	48	99.9%	(0.6%)
	96	99.3%	(0.7%)
	192	98.6%	(0.5%)
	384	98.1%	(1.6%)
	768	96.5%	(5.1%)
	1536	91.4%	(16.2%)
	3072	75.2%	(74.8%)
	6144	0.4%	(0.4%)

save weights to weights.bin
Threes! Demo: ./threes --total=100000 --block=10000 --limit=1000 --slide=load=weights.bin save=weights.bin alpha=0.005 

init_weights
load weights from weights.bin
10000	avg = 182259, max = 611388, ops = 549648 (285426|10375128)
	24	100%	(0.1%)
	48	99.9%	(0.6%)
	96	99.3%	(0.8%)
	192	98.5%	(0.6%)
	384	97.9%	(3.1%)
	768	94.8%	(5.4%)
	1536	89.4%	(18%)
	3072	71.4%	(70.9%)
	6144	0.5%	(0.5%)

20000	avg = 183338, max = 560979, ops = 525678 (272734|9173459)
	24	100%	(0.2%)
	48	99.8%	(0.4%)
	96	99.4%	(0.7%)
	192	98.7%	(0.8%)
	384	97.9%	(2.3%)
	768	95.6%	(6.3%)
	1536	89.3%	(17.8%)
	3072	71.5%	(70.7%)
	6144	0.8%	(0.8%)

30000	avg = 187180, max = 554499, ops = 680441 (355055|10377110)
	24	100%	(0.2%)
	48	99.8%	(0.3%)
	96	99.5%	(0.4%)
	192	99.1%	(1.4%)
	384	97.7%	(1.9%)
	768	95.8%	(5.7%)
	1536	90.1%	(16.6%)
	3072	73.5%	(72.8%)
	6144	0.7%	(0.7%)

40000	avg = 185223, max = 593163, ops = 652103 (340654|9887832)
	48	100%	(0.6%)
	96	99.4%	(0.3%)
	192	99.1%	(1.6%)
	384	97.5%	(2.9%)
	768	94.6%	(4.8%)
	1536	89.8%	(16.2%)
	3072	73.6%	(73.3%)
	6144	0.3%	(0.3%)

50000	avg = 183538, max = 597978, ops = 660001 (344614|10585041)
	48	100%	(0.6%)
	96	99.4%	(0.4%)
	192	99%	(1.2%)
	384	97.8%	(2.5%)
	768	95.3%	(6%)
	1536	89.3%	(17.4%)
	3072	71.9%	(71.3%)
	6144	0.6%	(0.6%)

60000	avg = 185252, max = 593655, ops = 640867 (334582|9213610)
	6	100%	(0.1%)
	12	99.9%	(0.1%)
	24	99.8%	(0.1%)
	96	99.7%	(0.1%)
	192	99.6%	(1.1%)
	384	98.5%	(1.5%)
	768	97%	(6.7%)
	1536	90.3%	(16.2%)
	3072	74.1%	(73.7%)
	6144	0.4%	(0.4%)

70000	avg = 184174, max = 560967, ops = 663630 (347338|9327701)
	24	100%	(0.2%)
	48	99.8%	(0.5%)
	96	99.3%	(0.2%)
	192	99.1%	(1.9%)
	384	97.2%	(1.2%)
	768	96%	(5.5%)
	1536	90.5%	(17.9%)
	3072	72.6%	(72.4%)
	6144	0.2%	(0.2%)

80000	avg = 182973, max = 593937, ops = 655032 (341915|9545235)
	24	100%	(0.1%)
	48	99.9%	(0.2%)
	96	99.7%	(0.8%)
	192	98.9%	(1.5%)
	384	97.4%	(2.2%)
	768	95.2%	(6.6%)
	1536	88.6%	(17%)
	3072	71.6%	(70.8%)
	6144	0.8%	(0.8%)

90000	avg = 178126, max = 593862, ops = 653400 (341940|9430597)
	24	100%	(0.1%)
	48	99.9%	(0.9%)
	96	99%	(0.3%)
	192	98.7%	(1.5%)
	384	97.2%	(1.7%)
	768	95.5%	(7.7%)
	1536	87.8%	(18.1%)
	3072	69.7%	(69.2%)
	6144	0.5%	(0.5%)

100000	avg = 185136, max = 560352, ops = 649090 (338276|11118508)
	24	100%	(0.1%)
	48	99.9%	(0.7%)
	96	99.2%	(0.4%)
	192	98.8%	(1.1%)
	384	97.7%	(2.1%)
	768	95.6%	(5.7%)
	1536	89.9%	(16.7%)
	3072	73.2%	(72.7%)
	6144	0.5%	(0.5%)

save weights to weights.bin
Threes! Demo: ./threes --total=100000 --block=10000 --limit=1000 --slide=load=weights.bin save=weights.bin alpha=0.005 

init_weights
load weights from weights.bin
10000	avg = 185795, max = 593487, ops = 652921 (338555|11911599)
	24	100%	(0.1%)
	48	99.9%	(0.2%)
	96	99.7%	(0.5%)
	192	99.2%	(1.5%)
	384	97.7%	(2.5%)
	768	95.2%	(6%)
	1536	89.2%	(16.3%)
	3072	72.9%	(71.9%)
	6144	1%	(1%)

20000	avg = 183782, max = 600396, ops = 662624 (346937|10436467)
	24	100%	(0.2%)
	48	99.8%	(0.6%)
	96	99.2%	(0.5%)
	192	98.7%	(1.3%)
	384	97.4%	(1.7%)
	768	95.7%	(6.8%)
	1536	88.9%	(15.3%)
	3072	73.6%	(73.2%)
	6144	0.4%	(0.4%)

30000	avg = 186389, max = 562296, ops = 600370 (313753|8981943)
	48	100%	(0.6%)
	96	99.4%	(0.3%)
	192	99.1%	(1.3%)
	384	97.8%	(1.6%)
	768	96.2%	(7.3%)
	1536	88.9%	(14.2%)
	3072	74.7%	(73.9%)
	6144	0.8%	(0.8%)

40000	avg = 188074, max = 591087, ops = 662921 (349208|8681445)
	24	100%	(0.1%)
	48	99.9%	(0.2%)
	96	99.7%	(0.6%)
	192	99.1%	(1.4%)
	384	97.7%	(3.1%)
	768	94.6%	(5.4%)
	1536	89.2%	(13.7%)
	3072	75.5%	(74.8%)
	6144	0.7%	(0.7%)

50000	avg = 186146, max = 600432, ops = 657286 (343698|10195564)
	48	100%	(0.1%)
	96	99.9%	(0.7%)
	192	99.2%	(1.1%)
	384	98.1%	(2.4%)
	768	95.7%	(5.8%)
	1536	89.9%	(15.8%)
	3072	74.1%	(73.4%)
	6144	0.7%	(0.7%)

60000	avg = 185004, max = 560970, ops = 642836 (334810|11307907)
	24	100%	(0.3%)
	48	99.7%	(0.4%)
	96	99.3%	(0.4%)
	192	98.9%	(1.1%)
	384	97.8%	(1.8%)
	768	96%	(5.1%)
	1536	90.9%	(17%)
	3072	73.9%	(73.7%)
	6144	0.2%	(0.2%)

70000	avg = 184143, max = 554655, ops = 669285 (349309|10558492)
	24	100%	(0.1%)
	48	99.9%	(0.5%)
	96	99.4%	(0.6%)
	192	98.8%	(1.2%)
	384	97.6%	(2.6%)
	768	95%	(6.3%)
	1536	88.7%	(15%)
	3072	73.7%	(73%)
	6144	0.7%	(0.7%)

80000	avg = 180616, max = 617799, ops = 632798 (329558|10978049)
	24	100%	(0.1%)
	48	99.9%	(0.7%)
	96	99.2%	(0.6%)
	192	98.6%	(1%)
	384	97.6%	(3.1%)
	768	94.5%	(5.6%)
	1536	88.9%	(17.9%)
	3072	71%	(70.6%)
	6144	0.4%	(0.4%)

90000	avg = 180287, max = 598365, ops = 572843 (297826|9665981)
	24	100%	(0.1%)
	48	99.9%	(0.8%)
	96	99.1%	(0.9%)
	192	98.2%	(1.6%)
	384	96.6%	(1.8%)
	768	94.8%	(6.9%)
	1536	87.9%	(17%)
	3072	70.9%	(70.1%)
	6144	0.8%	(0.8%)

100000	avg = 185546, max = 560733, ops = 668264 (349864|10080417)
	24	100%	(0.1%)
	48	99.9%	(0.3%)
	96	99.6%	(0.5%)
	192	99.1%	(1.2%)
	384	97.9%	(2.3%)
	768	95.6%	(5.4%)
	1536	90.2%	(16%)
	3072	74.2%	(73.8%)
	6144	0.4%	(0.4%)

save weights to weights.bin
Threes! Demo: ./threes --total=100000 --block=10000 --limit=1000 --slide=load=weights.bin save=weights.bin alpha=0.001 

init_weights
load weights from weights.bin
10000	avg = 193944, max = 591843, ops = 678426 (354292|10176828)
	48	100%	(0.2%)
	96	99.8%	(0.8%)
	192	99%	(1.7%)
	384	97.3%	(2%)
	768	95.3%	(4.7%)
	1536	90.6%	(14%)
	3072	76.6%	(75.5%)
	6144	1.1%	(1.1%)

20000	avg = 189905, max = 593403, ops = 681152 (355868|10446388)
	24	100%	(0.3%)
	48	99.7%	(0.7%)
	96	99%	(0.7%)
	192	98.3%	(1.2%)
	384	97.1%	(1.5%)
	768	95.6%	(5.4%)
	1536	90.2%	(14.3%)
	3072	75.9%	(75.5%)
	6144	0.4%	(0.4%)

30000	avg = 196225, max = 594609, ops = 679371 (355294|10005238)
	48	100%	(0.7%)
	96	99.3%	(0.5%)
	192	98.8%	(1%)
	384	97.8%	(2.1%)
	768	95.7%	(3.9%)
	1536	91.8%	(14.5%)
	3072	77.3%	(75.9%)
	6144	1.4%	(1.4%)

40000	avg = 188122, max = 598083, ops = 679795 (355510|10043702)
	48	100%	(0.2%)
	96	99.8%	(0.1%)
	192	99.7%	(0.9%)
	384	98.8%	(1.6%)
	768	97.2%	(6.3%)
	1536	90.9%	(17.9%)
	3072	73%	(72%)
	6144	1%	(1%)

50000	avg = 194625, max = 600333, ops = 689317 (358938|11773718)
	24	100%	(0.1%)
	48	99.9%	(0.9%)
	96	99%	(0.2%)
	192	98.8%	(1.3%)
	384	97.5%	(2.1%)
	768	95.4%	(3.9%)
	1536	91.5%	(14.4%)
	3072	77.1%	(76.1%)
	6144	1%	(1%)

60000	avg = 197407, max = 558711, ops = 677538 (352998|11239865)
	48	100%	(0.3%)
	96	99.7%	(0.7%)
	192	99%	(0.6%)
	384	98.4%	(2.4%)
	768	96%	(3.6%)
	1536	92.4%	(14.3%)
	3072	78.1%	(77%)
	6144	1.1%	(1.1%)

70000	avg = 195107, max = 600507, ops = 686663 (358858|11500882)
	24	100%	(0.1%)
	48	99.9%	(0.7%)
	96	99.2%	(0.3%)
	192	98.9%	(1.4%)
	384	97.5%	(1.7%)
	768	95.8%	(4.3%)
	1536	91.5%	(13%)
	3072	78.5%	(78.2%)
	6144	0.3%	(0.3%)

80000	avg = 190965, max = 611589, ops = 660197 (344196|10251882)
	48	100%	(0.5%)
	96	99.5%	(0.4%)
	192	99.1%	(1.7%)
	384	97.4%	(2%)
	768	95.4%	(5%)
	1536	90.4%	(15.4%)
	3072	75%	(73.6%)
	6144	1.4%	(1.4%)

90000	avg = 194818, max = 598845, ops = 685463 (357476|11048902)
	48	100%	(0.2%)
	96	99.8%	(0.5%)
	192	99.3%	(1.5%)
	384	97.8%	(1.4%)
	768	96.4%	(5.9%)
	1536	90.5%	(13%)
	3072	77.5%	(76.7%)
	6144	0.8%	(0.8%)

100000	avg = 196964, max = 593541, ops = 681762 (356508|9277227)
	24	100%	(0.1%)
	48	99.9%	(0.4%)
	96	99.5%	(0.3%)
	192	99.2%	(0.7%)
	384	98.5%	(2.3%)
	768	96.2%	(4.2%)
	1536	92%	(14.3%)
	3072	77.7%	(76.6%)
	6144	1.1%	(1.1%)

save weights to weights.bin
Threes! Demo: ./threes --total=100000 --block=10000 --limit=1000 --slide=load=weights.bin save=weights.bin alpha=0.001 

init_weights
load weights from weights.bin
10000	avg = 197504, max = 598239, ops = 661359 (345761|10386232)
	48	100%	(0.5%)
	96	99.5%	(0.6%)
	192	98.9%	(0.7%)
	384	98.2%	(1.8%)
	768	96.4%	(6.2%)
	1536	90.2%	(12.8%)
	3072	77.4%	(75.6%)
	6144	1.8%	(1.8%)

20000	avg = 196123, max = 599535, ops = 661479 (345122|10372126)
	48	100%	(0.1%)
	96	99.9%	(0.4%)
	192	99.5%	(1.3%)
	384	98.2%	(1.8%)
	768	96.4%	(5.5%)
	1536	90.9%	(14.5%)
	3072	76.4%	(75%)
	6144	1.4%	(1.4%)

30000	avg = 193015, max = 561210, ops = 666598 (349369|9111845)
	24	100%	(0.2%)
	48	99.8%	(0.4%)
	96	99.4%	(0.3%)
	192	99.1%	(1.1%)
	384	98%	(1.5%)
	768	96.5%	(5.6%)
	1536	90.9%	(15.3%)
	3072	75.6%	(74.1%)
	6144	1.5%	(1.5%)

40000	avg = 195618, max = 601590, ops = 626500 (328659|8280402)
	48	100%	(0.5%)
	96	99.5%	(0.3%)
	192	99.2%	(1.1%)
	384	98.1%	(1.5%)
	768	96.6%	(5.6%)
	1536	91%	(13.9%)
	3072	77.1%	(75.9%)
	6144	1.2%	(1.2%)

50000	avg = 192860, max = 598158, ops = 650069 (338687|10496921)
	48	100%	(0.4%)
	96	99.6%	(0.3%)
	192	99.3%	(1%)
	384	98.3%	(2%)
	768	96.3%	(4.8%)
	1536	91.5%	(15.5%)
	3072	76%	(75.1%)
	6144	0.9%	(0.9%)

60000	avg = 193957, max = 600321, ops = 665932 (347801|9709768)
	48	100%	(0.3%)
	96	99.7%	(0.6%)
	192	99.1%	(1.5%)
	384	97.6%	(1.4%)
	768	96.2%	(4.7%)
	1536	91.5%	(15.2%)
	3072	76.3%	(75.2%)
	6144	1.1%	(1.1%)

70000	avg = 197164, max = 558864, ops = 525626 (272459|9822177)
	48	100%	(0.3%)
	96	99.7%	(0.7%)
	192	99%	(0.7%)
	384	98.3%	(1.1%)
	768	97.2%	(4.9%)
	1536	92.3%	(13.7%)
	3072	78.6%	(77.6%)
	6144	1%	(1%)

80000	avg = 193532, max = 598200, ops = 650699 (339486|10036472)
	24	100%	(0.1%)
	48	99.9%	(0.5%)
	96	99.4%	(0.3%)
	192	99.1%	(0.7%)
	384	98.4%	(1.3%)
	768	97.1%	(6.1%)
	1536	91%	(15.1%)
	3072	75.9%	(74.8%)
	6144	1.1%	(1.1%)

90000	avg = 196978, max = 597342, ops = 656898 (343974|10404660)
	24	100%	(0.1%)
	48	99.9%	(0.8%)
	96	99.1%	(0.3%)
	192	98.8%	(0.5%)
	384	98.3%	(2.4%)
	768	95.9%	(4.2%)
	1536	91.7%	(14.3%)
	3072	77.4%	(75.8%)
	6144	1.6%	(1.6%)

100000	avg = 192901, max = 593925, ops = 653787 (342637|9765588)
	48	100%	(0.3%)
	96	99.7%	(0.3%)
	192	99.4%	(0.8%)
	384	98.6%	(1.7%)
	768	96.9%	(6.7%)
	1536	90.2%	(14.8%)
	3072	75.4%	(73.7%)
	6144	1.7%	(1.7%)

save weights to weights.bin
